<?xml version="1.0" encoding="UTF-8"?>
<!-- Generated by org.testng.reporters.JUnitXMLReporter -->
<testsuite ignored="12" hostname="DESKTOP-JRAVQ96" failures="0" tests="3" name="first Test for Ticket" time="133.449" errors="0" timestamp="2024-02-08T00:54:53 IST">
  <testcase classname="com.traval.qa.test.SearchHotelTest" name="Validate_HomePage_Title" time="1.737"/>
  <testcase classname="com.traval.qa.test.SearchHotelTest" name="ValidataBy_AddingRequirment_InHomePage" time="11.182"/>
  <testcase classname="com.traval.qa.test.SearchHotelTest" name="verify_Multiple_Filter_ListingPage" time="107.864"/>
  <testcase classname="com.traval.qa.test.SearchHotelTest" name="Validate_CheckoutPagerequirment_From_EditedHotelPage" time="0.0">
    <ignored/>
  </testcase> <!-- Validate_CheckoutPagerequirment_From_EditedHotelPage -->
  <testcase classname="com.traval.qa.test.SearchHotelTest" name="Validate_CheckoutPagerequirment_From_EditedLisngPage" time="0.0">
    <ignored/>
  </testcase> <!-- Validate_CheckoutPagerequirment_From_EditedLisngPage -->
  <testcase classname="com.traval.qa.test.SearchHotelTest" name="Validate_CheckoutPagerequirment_From_HomePage" time="0.0">
    <ignored/>
  </testcase> <!-- Validate_CheckoutPagerequirment_From_HomePage -->
  <testcase classname="com.traval.qa.test.SearchHotelTest" name="Edit_the_HotelPage_Details_byMatchingDetails_withHomePage" time="0.0">
    <ignored/>
  </testcase> <!-- Edit_the_HotelPage_Details_byMatchingDetails_withHomePage -->
  <testcase classname="com.traval.qa.test.SearchHotelTest" name="SucessFul_MassageConfirmation" time="0.0">
    <ignored/>
  </testcase> <!-- SucessFul_MassageConfirmation -->
  <testcase classname="com.traval.qa.test.SearchHotelTest" name="Edit_the_Hotel_Details_ByMatchingDetails_with_EditedListingPage" time="0.0">
    <ignored/>
  </testcase> <!-- Edit_the_Hotel_Details_ByMatchingDetails_with_EditedListingPage -->
  <testcase classname="com.traval.qa.test.SearchHotelTest" name="Edit_the_HotelPage_Details_byMatchingDetails_withListingPage" time="0.0">
    <ignored/>
  </testcase> <!-- Edit_the_HotelPage_Details_byMatchingDetails_withListingPage -->
  <testcase classname="com.traval.qa.test.SearchHotelTest" name="Validateby_Requirments_Matchingin_ListingPage_FromHomePage" time="0.0">
    <ignored/>
  </testcase> <!-- Validateby_Requirments_Matchingin_ListingPage_FromHomePage -->
  <testcase classname="com.traval.qa.test.SearchHotelTest" name="Validate_Hotelpageby_checkingrequirment_From_EditedListingPage" time="0.0">
    <ignored/>
  </testcase> <!-- Validate_Hotelpageby_checkingrequirment_From_EditedListingPage -->
  <testcase classname="com.traval.qa.test.SearchHotelTest" name="Edit_Requirments_InListingPage" time="0.0">
    <ignored/>
  </testcase> <!-- Edit_Requirments_InListingPage -->
  <testcase classname="com.traval.qa.test.SearchHotelTest" name="Validate_Hotelpage_bycheckingrequirment_FromHomePage" time="0.0">
    <ignored/>
  </testcase> <!-- Validate_Hotelpage_bycheckingrequirment_FromHomePage -->
  <testcase classname="com.traval.qa.test.SearchHotelTest" name="Validate_Hotelpage_bycheckingrequirment_FromListingPage" time="0.0">
    <ignored/>
  </testcase> <!-- Validate_Hotelpage_bycheckingrequirment_FromListingPage -->
</testsuite> <!-- first Test for Ticket -->
